cycle 0
$00: 0x00000000
$01: 0x00000000
$02: 0x00000000
$03: 0x00000000
$04: 0x00000000
$05: 0x00000000
$06: 0x00000000
$07: 0x00000000
$08: 0x00000000
$09: 0x00000000
$10: 0x00000000
$11: 0x00000000
$12: 0x00000000
$13: 0x00000000
$14: 0x00000000
$15: 0x00000000
$16: 0x00000000
$17: 0x00000000
$18: 0x00000000
$19: 0x00000000
$20: 0x00000000
$21: 0x00000000
$22: 0x00000000
$23: 0x00000000
$24: 0x00000000
$25: 0x00000000
$26: 0x00000000
$27: 0x00000000
$28: 0x00000000
$29: 0x00000100
$30: 0x00000000
$31: 0x00000000
$HI: 0x00000000
$LO: 0x00000000
PC: 0x00000000
IF: 0x84040000
ID: NOP
EX: NOP
DM: NOP
WB: NOP


cycle 1
PC: 0x00000004
IF: 0x84050002
ID: LH
EX: NOP
DM: NOP
WB: NOP


cycle 2
PC: 0x00000008
IF: 0x10A00023
ID: LH
EX: LH
DM: NOP
WB: NOP


cycle 3
PC: 0x0000000C
IF: 0x000447C2 to_be_stalled
ID: BEQ to_be_stalled
EX: LH
DM: LH
WB: NOP


cycle 4
PC: 0x0000000C
IF: 0x000447C2 to_be_stalled
ID: BEQ to_be_stalled
EX: NOP
DM: LH
WB: LH


cycle 5
$04: 0xFFFFFFF9
PC: 0x0000000C
IF: 0x000447C2
ID: BEQ
EX: NOP
DM: NOP
WB: LH


cycle 6
$05: 0x00000002
PC: 0x00000010
IF: 0x11000001
ID: SRL
EX: BEQ
DM: NOP
WB: NOP


cycle 7
PC: 0x00000014
IF: 0x00042022 to_be_stalled
ID: BEQ to_be_stalled
EX: SRL
DM: BEQ
WB: NOP


cycle 8
PC: 0x00000014
IF: 0x00042022
ID: BEQ fwd_EX-DM_rs_$8
EX: NOP
DM: SRL
WB: BEQ


cycle 9
PC: 0x00000018
IF: 0x00054FC2
ID: SUB
EX: BEQ
DM: NOP
WB: SRL


cycle 10
$08: 0x00000001
PC: 0x0000001C
IF: 0x11200001
ID: SRL
EX: SUB
DM: BEQ
WB: NOP


cycle 11
PC: 0x00000020
IF: 0x00052822 to_be_stalled
ID: BEQ to_be_stalled
EX: SRL
DM: SUB
WB: BEQ


cycle 12
PC: 0x00000020
IF: 0x00052822 to_be_flushed
ID: BEQ fwd_EX-DM_rs_$9
EX: NOP
DM: SRL
WB: SUB


cycle 13
PC: 0x00000024
IF: 0x00001024
ID: NOP
EX: BEQ
DM: NOP
WB: SRL


cycle 14
PC: 0x00000028
IF: 0x00841824
ID: AND
EX: NOP
DM: BEQ
WB: NOP


cycle 15
PC: 0x0000002C
IF: 0x200A0020
ID: AND
EX: AND
DM: NOP
WB: BEQ


cycle 16
PC: 0x00000030
IF: 0x000317C2
ID: ADDI
EX: AND
DM: AND
WB: NOP


cycle 17
PC: 0x00000034
IF: 0x00031840
ID: SRL
EX: ADDI
DM: AND
WB: AND


cycle 18
PC: 0x00000038
IF: 0x000A582A
ID: SLL
EX: SRL
DM: ADDI
WB: AND


cycle 19
$03: 0xFFFFFFF9
PC: 0x0000003C
IF: 0x100B0010
ID: SLT
EX: SLL
DM: SRL
WB: ADDI


cycle 20
$10: 0x00000020
PC: 0x00000040
IF: 0x00451022 to_be_stalled
ID: BEQ to_be_stalled
EX: SLT
DM: SLL
WB: SRL


cycle 21
PC: 0x00000040
IF: 0x00451022
ID: BEQ fwd_EX-DM_rt_$11
EX: NOP
DM: SLT
WB: SLL


cycle 22
$03: 0xFFFFFFF2
PC: 0x00000044
IF: 0x0040602A
ID: SUB
EX: BEQ
DM: NOP
WB: SLT


cycle 23
$11: 0x00000001
PC: 0x00000048
IF: 0x100C0006
ID: SLT
EX: SUB
DM: BEQ
WB: NOP


cycle 24
PC: 0x0000004C
IF: 0x00451020 to_be_stalled
ID: BEQ to_be_stalled
EX: SLT fwd_EX-DM_rs_$2
DM: SUB
WB: BEQ


cycle 25
PC: 0x0000004C
IF: 0x00451020 to_be_flushed
ID: BEQ fwd_EX-DM_rt_$12
EX: NOP
DM: SLT
WB: SUB


cycle 26
$02: 0x00000002
PC: 0x00000064
IF: 0x00021040
ID: NOP
EX: BEQ
DM: NOP
WB: SLT


cycle 27
PC: 0x00000068
IF: 0x00036FC2
ID: SLL
EX: NOP
DM: BEQ
WB: NOP


cycle 28
PC: 0x0000006C
IF: 0x004D1025
ID: SRL
EX: SLL
DM: NOP
WB: BEQ


cycle 29
PC: 0x00000070
IF: 0x00031840
ID: OR
EX: SRL
DM: SLL
WB: NOP


cycle 30
PC: 0x00000074
IF: 0x34630001
ID: SLL
EX: OR fwd_EX-DM_rt_$13
DM: SRL
WB: SLL


cycle 31
$02: 0x00000004
PC: 0x00000078
IF: 0x214AFFFF
ID: ORI
EX: SLL
DM: OR
WB: SRL


cycle 32
$13: 0x00000001
PC: 0x0000007C
IF: 0x0800000E
ID: ADDI
EX: ORI fwd_EX-DM_rs_$3 fwd_EX-DM_rt_$3
DM: SLL
WB: OR


cycle 33
$02: 0x00000003
PC: 0x00000080
IF: 0x00021043 to_be_flushed
ID: J
EX: ADDI
DM: ORI
WB: SLL


cycle 34
$03: 0xFFFFFFE4
PC: 0x00000038
IF: 0x000A582A
ID: NOP
EX: J
DM: ADDI
WB: ORI


cycle 35
$03: 0xFFFFFFE5
PC: 0x0000003C
IF: 0x100B0010
ID: SLT
EX: NOP
DM: J
WB: ADDI


cycle 36
$10: 0x0000001F
PC: 0x00000040
IF: 0x00451022 to_be_stalled
ID: BEQ to_be_stalled
EX: SLT
DM: NOP
WB: J


cycle 37
PC: 0x00000040
IF: 0x00451022
ID: BEQ fwd_EX-DM_rt_$11
EX: NOP
DM: SLT
WB: NOP


cycle 38
PC: 0x00000044
IF: 0x0040602A
ID: SUB
EX: BEQ
DM: NOP
WB: SLT


cycle 39
PC: 0x00000048
IF: 0x100C0006
ID: SLT
EX: SUB
DM: BEQ
WB: NOP


cycle 40
PC: 0x0000004C
IF: 0x00451020 to_be_stalled
ID: BEQ to_be_stalled
EX: SLT fwd_EX-DM_rs_$2
DM: SUB
WB: BEQ


cycle 41
PC: 0x0000004C
IF: 0x00451020 to_be_flushed
ID: BEQ fwd_EX-DM_rt_$12
EX: NOP
DM: SLT
WB: SUB


cycle 42
$02: 0x00000005
PC: 0x00000064
IF: 0x00021040
ID: NOP
EX: BEQ
DM: NOP
WB: SLT


cycle 43
PC: 0x00000068
IF: 0x00036FC2
ID: SLL
EX: NOP
DM: BEQ
WB: NOP


cycle 44
PC: 0x0000006C
IF: 0x004D1025
ID: SRL
EX: SLL
DM: NOP
WB: BEQ


cycle 45
PC: 0x00000070
IF: 0x00031840
ID: OR
EX: SRL
DM: SLL
WB: NOP


cycle 46
PC: 0x00000074
IF: 0x34630001
ID: SLL
EX: OR fwd_EX-DM_rt_$13
DM: SRL
WB: SLL


cycle 47
$02: 0x0000000A
PC: 0x00000078
IF: 0x214AFFFF
ID: ORI
EX: SLL
DM: OR
WB: SRL


cycle 48
PC: 0x0000007C
IF: 0x0800000E
ID: ADDI
EX: ORI fwd_EX-DM_rs_$3 fwd_EX-DM_rt_$3
DM: SLL
WB: OR


cycle 49
$02: 0x00000005
PC: 0x00000080
IF: 0x00021043 to_be_flushed
ID: J
EX: ADDI
DM: ORI
WB: SLL


cycle 50
$03: 0xFFFFFFCA
PC: 0x00000038
IF: 0x000A582A
ID: NOP
EX: J
DM: ADDI
WB: ORI


cycle 51
$03: 0xFFFFFFCB
PC: 0x0000003C
IF: 0x100B0010
ID: SLT
EX: NOP
DM: J
WB: ADDI


cycle 52
$10: 0x0000001E
PC: 0x00000040
IF: 0x00451022 to_be_stalled
ID: BEQ to_be_stalled
EX: SLT
DM: NOP
WB: J


cycle 53
PC: 0x00000040
IF: 0x00451022
ID: BEQ fwd_EX-DM_rt_$11
EX: NOP
DM: SLT
WB: NOP


cycle 54
PC: 0x00000044
IF: 0x0040602A
ID: SUB
EX: BEQ
DM: NOP
WB: SLT


cycle 55
PC: 0x00000048
IF: 0x100C0006
ID: SLT
EX: SUB
DM: BEQ
WB: NOP


cycle 56
PC: 0x0000004C
IF: 0x00451020 to_be_stalled
ID: BEQ to_be_stalled
EX: SLT fwd_EX-DM_rs_$2
DM: SUB
WB: BEQ


cycle 57
PC: 0x0000004C
IF: 0x00451020 to_be_flushed
ID: BEQ fwd_EX-DM_rt_$12
EX: NOP
DM: SLT
WB: SUB


cycle 58
$02: 0x00000007
PC: 0x00000064
IF: 0x00021040
ID: NOP
EX: BEQ
DM: NOP
WB: SLT


cycle 59
PC: 0x00000068
IF: 0x00036FC2
ID: SLL
EX: NOP
DM: BEQ
WB: NOP


cycle 60
PC: 0x0000006C
IF: 0x004D1025
ID: SRL
EX: SLL
DM: NOP
WB: BEQ


cycle 61
PC: 0x00000070
IF: 0x00031840
ID: OR
EX: SRL
DM: SLL
WB: NOP


cycle 62
PC: 0x00000074
IF: 0x34630001
ID: SLL
EX: OR fwd_EX-DM_rt_$13
DM: SRL
WB: SLL


cycle 63
$02: 0x0000000E
PC: 0x00000078
IF: 0x214AFFFF
ID: ORI
EX: SLL
DM: OR
WB: SRL


cycle 64
PC: 0x0000007C
IF: 0x0800000E
ID: ADDI
EX: ORI fwd_EX-DM_rs_$3 fwd_EX-DM_rt_$3
DM: SLL
WB: OR


cycle 65
$02: 0x00000007
PC: 0x00000080
IF: 0x00021043 to_be_flushed
ID: J
EX: ADDI
DM: ORI
WB: SLL


cycle 66
$03: 0xFFFFFF96
PC: 0x00000038
IF: 0x000A582A
ID: NOP
EX: J
DM: ADDI
WB: ORI


cycle 67
$03: 0xFFFFFF97
PC: 0x0000003C
IF: 0x100B0010
ID: SLT
EX: NOP
DM: J
WB: ADDI


cycle 68
$10: 0x0000001D
PC: 0x00000040
IF: 0x00451022 to_be_stalled
ID: BEQ to_be_stalled
EX: SLT
DM: NOP
WB: J


cycle 69
PC: 0x00000040
IF: 0x00451022
ID: BEQ fwd_EX-DM_rt_$11
EX: NOP
DM: SLT
WB: NOP


cycle 70
PC: 0x00000044
IF: 0x0040602A
ID: SUB
EX: BEQ
DM: NOP
WB: SLT


cycle 71
PC: 0x00000048
IF: 0x100C0006
ID: SLT
EX: SUB
DM: BEQ
WB: NOP


cycle 72
PC: 0x0000004C
IF: 0x00451020 to_be_stalled
ID: BEQ to_be_stalled
EX: SLT fwd_EX-DM_rs_$2
DM: SUB
WB: BEQ


cycle 73
PC: 0x0000004C
IF: 0x00451020 to_be_flushed
ID: BEQ fwd_EX-DM_rt_$12
EX: NOP
DM: SLT
WB: SUB


cycle 74
$02: 0x00000009
PC: 0x00000064
IF: 0x00021040
ID: NOP
EX: BEQ
DM: NOP
WB: SLT


cycle 75
PC: 0x00000068
IF: 0x00036FC2
ID: SLL
EX: NOP
DM: BEQ
WB: NOP


cycle 76
PC: 0x0000006C
IF: 0x004D1025
ID: SRL
EX: SLL
DM: NOP
WB: BEQ


cycle 77
PC: 0x00000070
IF: 0x00031840
ID: OR
EX: SRL
DM: SLL
WB: NOP


cycle 78
PC: 0x00000074
IF: 0x34630001
ID: SLL
EX: OR fwd_EX-DM_rt_$13
DM: SRL
WB: SLL


cycle 79
$02: 0x00000012
PC: 0x00000078
IF: 0x214AFFFF
ID: ORI
EX: SLL
DM: OR
WB: SRL


cycle 80
PC: 0x0000007C
IF: 0x0800000E
ID: ADDI
EX: ORI fwd_EX-DM_rs_$3 fwd_EX-DM_rt_$3
DM: SLL
WB: OR


cycle 81
$02: 0x00000009
PC: 0x00000080
IF: 0x00021043 to_be_flushed
ID: J
EX: ADDI
DM: ORI
WB: SLL


cycle 82
$03: 0xFFFFFF2E
PC: 0x00000038
IF: 0x000A582A
ID: NOP
EX: J
DM: ADDI
WB: ORI


cycle 83
$03: 0xFFFFFF2F
PC: 0x0000003C
IF: 0x100B0010
ID: SLT
EX: NOP
DM: J
WB: ADDI


cycle 84
$10: 0x0000001C
PC: 0x00000040
IF: 0x00451022 to_be_stalled
ID: BEQ to_be_stalled
EX: SLT
DM: NOP
WB: J


cycle 85
PC: 0x00000040
IF: 0x00451022
ID: BEQ fwd_EX-DM_rt_$11
EX: NOP
DM: SLT
WB: NOP


cycle 86
PC: 0x00000044
IF: 0x0040602A
ID: SUB
EX: BEQ
DM: NOP
WB: SLT


cycle 87
PC: 0x00000048
IF: 0x100C0006
ID: SLT
EX: SUB
DM: BEQ
WB: NOP


cycle 88
PC: 0x0000004C
IF: 0x00451020 to_be_stalled
ID: BEQ to_be_stalled
EX: SLT fwd_EX-DM_rs_$2
DM: SUB
WB: BEQ


cycle 89
PC: 0x0000004C
IF: 0x00451020 to_be_flushed
ID: BEQ fwd_EX-DM_rt_$12
EX: NOP
DM: SLT
WB: SUB


cycle 90
$02: 0x0000000B
PC: 0x00000064
IF: 0x00021040
ID: NOP
EX: BEQ
DM: NOP
WB: SLT


cycle 91
PC: 0x00000068
IF: 0x00036FC2
ID: SLL
EX: NOP
DM: BEQ
WB: NOP


cycle 92
PC: 0x0000006C
IF: 0x004D1025
ID: SRL
EX: SLL
DM: NOP
WB: BEQ


cycle 93
PC: 0x00000070
IF: 0x00031840
ID: OR
EX: SRL
DM: SLL
WB: NOP


cycle 94
PC: 0x00000074
IF: 0x34630001
ID: SLL
EX: OR fwd_EX-DM_rt_$13
DM: SRL
WB: SLL


cycle 95
$02: 0x00000016
PC: 0x00000078
IF: 0x214AFFFF
ID: ORI
EX: SLL
DM: OR
WB: SRL


cycle 96
PC: 0x0000007C
IF: 0x0800000E
ID: ADDI
EX: ORI fwd_EX-DM_rs_$3 fwd_EX-DM_rt_$3
DM: SLL
WB: OR


cycle 97
$02: 0x0000000B
PC: 0x00000080
IF: 0x00021043 to_be_flushed
ID: J
EX: ADDI
DM: ORI
WB: SLL


cycle 98
$03: 0xFFFFFE5E
PC: 0x00000038
IF: 0x000A582A
ID: NOP
EX: J
DM: ADDI
WB: ORI


cycle 99
$03: 0xFFFFFE5F
PC: 0x0000003C
IF: 0x100B0010
ID: SLT
EX: NOP
DM: J
WB: ADDI


cycle 100
$10: 0x0000001B
PC: 0x00000040
IF: 0x00451022 to_be_stalled
ID: BEQ to_be_stalled
EX: SLT
DM: NOP
WB: J


cycle 101
PC: 0x00000040
IF: 0x00451022
ID: BEQ fwd_EX-DM_rt_$11
EX: NOP
DM: SLT
WB: NOP


cycle 102
PC: 0x00000044
IF: 0x0040602A
ID: SUB
EX: BEQ
DM: NOP
WB: SLT


cycle 103
PC: 0x00000048
IF: 0x100C0006
ID: SLT
EX: SUB
DM: BEQ
WB: NOP


cycle 104
PC: 0x0000004C
IF: 0x00451020 to_be_stalled
ID: BEQ to_be_stalled
EX: SLT fwd_EX-DM_rs_$2
DM: SUB
WB: BEQ


cycle 105
PC: 0x0000004C
IF: 0x00451020 to_be_flushed
ID: BEQ fwd_EX-DM_rt_$12
EX: NOP
DM: SLT
WB: SUB


cycle 106
$02: 0x0000000D
PC: 0x00000064
IF: 0x00021040
ID: NOP
EX: BEQ
DM: NOP
WB: SLT


cycle 107
PC: 0x00000068
IF: 0x00036FC2
ID: SLL
EX: NOP
DM: BEQ
WB: NOP


cycle 108
PC: 0x0000006C
IF: 0x004D1025
ID: SRL
EX: SLL
DM: NOP
WB: BEQ


cycle 109
PC: 0x00000070
IF: 0x00031840
ID: OR
EX: SRL
DM: SLL
WB: NOP


cycle 110
PC: 0x00000074
IF: 0x34630001
ID: SLL
EX: OR fwd_EX-DM_rt_$13
DM: SRL
WB: SLL


cycle 111
$02: 0x0000001A
PC: 0x00000078
IF: 0x214AFFFF
ID: ORI
EX: SLL
DM: OR
WB: SRL


cycle 112
PC: 0x0000007C
IF: 0x0800000E
ID: ADDI
EX: ORI fwd_EX-DM_rs_$3 fwd_EX-DM_rt_$3
DM: SLL
WB: OR


cycle 113
$02: 0x0000000D
PC: 0x00000080
IF: 0x00021043 to_be_flushed
ID: J
EX: ADDI
DM: ORI
WB: SLL


cycle 114
$03: 0xFFFFFCBE
PC: 0x00000038
IF: 0x000A582A
ID: NOP
EX: J
DM: ADDI
WB: ORI


cycle 115
$03: 0xFFFFFCBF
PC: 0x0000003C
IF: 0x100B0010
ID: SLT
EX: NOP
DM: J
WB: ADDI


cycle 116
$10: 0x0000001A
PC: 0x00000040
IF: 0x00451022 to_be_stalled
ID: BEQ to_be_stalled
EX: SLT
DM: NOP
WB: J


cycle 117
PC: 0x00000040
IF: 0x00451022
ID: BEQ fwd_EX-DM_rt_$11
EX: NOP
DM: SLT
WB: NOP


cycle 118
PC: 0x00000044
IF: 0x0040602A
ID: SUB
EX: BEQ
DM: NOP
WB: SLT


cycle 119
PC: 0x00000048
IF: 0x100C0006
ID: SLT
EX: SUB
DM: BEQ
WB: NOP


cycle 120
PC: 0x0000004C
IF: 0x00451020 to_be_stalled
ID: BEQ to_be_stalled
EX: SLT fwd_EX-DM_rs_$2
DM: SUB
WB: BEQ


cycle 121
PC: 0x0000004C
IF: 0x00451020 to_be_flushed
ID: BEQ fwd_EX-DM_rt_$12
EX: NOP
DM: SLT
WB: SUB


cycle 122
$02: 0x0000000F
PC: 0x00000064
IF: 0x00021040
ID: NOP
EX: BEQ
DM: NOP
WB: SLT


cycle 123
PC: 0x00000068
IF: 0x00036FC2
ID: SLL
EX: NOP
DM: BEQ
WB: NOP


cycle 124
PC: 0x0000006C
IF: 0x004D1025
ID: SRL
EX: SLL
DM: NOP
WB: BEQ


cycle 125
PC: 0x00000070
IF: 0x00031840
ID: OR
EX: SRL
DM: SLL
WB: NOP


cycle 126
PC: 0x00000074
IF: 0x34630001
ID: SLL
EX: OR fwd_EX-DM_rt_$13
DM: SRL
WB: SLL


cycle 127
$02: 0x0000001E
PC: 0x00000078
IF: 0x214AFFFF
ID: ORI
EX: SLL
DM: OR
WB: SRL


cycle 128
PC: 0x0000007C
IF: 0x0800000E
ID: ADDI
EX: ORI fwd_EX-DM_rs_$3 fwd_EX-DM_rt_$3
DM: SLL
WB: OR


cycle 129
$02: 0x0000000F
PC: 0x00000080
IF: 0x00021043 to_be_flushed
ID: J
EX: ADDI
DM: ORI
WB: SLL


cycle 130
$03: 0xFFFFF97E
PC: 0x00000038
IF: 0x000A582A
ID: NOP
EX: J
DM: ADDI
WB: ORI


cycle 131
$03: 0xFFFFF97F
PC: 0x0000003C
IF: 0x100B0010
ID: SLT
EX: NOP
DM: J
WB: ADDI


cycle 132
$10: 0x00000019
PC: 0x00000040
IF: 0x00451022 to_be_stalled
ID: BEQ to_be_stalled
EX: SLT
DM: NOP
WB: J


cycle 133
PC: 0x00000040
IF: 0x00451022
ID: BEQ fwd_EX-DM_rt_$11
EX: NOP
DM: SLT
WB: NOP


cycle 134
PC: 0x00000044
IF: 0x0040602A
ID: SUB
EX: BEQ
DM: NOP
WB: SLT


cycle 135
PC: 0x00000048
IF: 0x100C0006
ID: SLT
EX: SUB
DM: BEQ
WB: NOP


cycle 136
PC: 0x0000004C
IF: 0x00451020 to_be_stalled
ID: BEQ to_be_stalled
EX: SLT fwd_EX-DM_rs_$2
DM: SUB
WB: BEQ


cycle 137
PC: 0x0000004C
IF: 0x00451020 to_be_flushed
ID: BEQ fwd_EX-DM_rt_$12
EX: NOP
DM: SLT
WB: SUB


cycle 138
$02: 0x00000011
PC: 0x00000064
IF: 0x00021040
ID: NOP
EX: BEQ
DM: NOP
WB: SLT


cycle 139
PC: 0x00000068
IF: 0x00036FC2
ID: SLL
EX: NOP
DM: BEQ
WB: NOP


cycle 140
PC: 0x0000006C
IF: 0x004D1025
ID: SRL
EX: SLL
DM: NOP
WB: BEQ


cycle 141
PC: 0x00000070
IF: 0x00031840
ID: OR
EX: SRL
DM: SLL
WB: NOP


cycle 142
PC: 0x00000074
IF: 0x34630001
ID: SLL
EX: OR fwd_EX-DM_rt_$13
DM: SRL
WB: SLL


cycle 143
$02: 0x00000022
PC: 0x00000078
IF: 0x214AFFFF
ID: ORI
EX: SLL
DM: OR
WB: SRL


cycle 144
PC: 0x0000007C
IF: 0x0800000E
ID: ADDI
EX: ORI fwd_EX-DM_rs_$3 fwd_EX-DM_rt_$3
DM: SLL
WB: OR


cycle 145
$02: 0x00000011
PC: 0x00000080
IF: 0x00021043 to_be_flushed
ID: J
EX: ADDI
DM: ORI
WB: SLL


cycle 146
$03: 0xFFFFF2FE
PC: 0x00000038
IF: 0x000A582A
ID: NOP
EX: J
DM: ADDI
WB: ORI


cycle 147
$03: 0xFFFFF2FF
PC: 0x0000003C
IF: 0x100B0010
ID: SLT
EX: NOP
DM: J
WB: ADDI


cycle 148
$10: 0x00000018
PC: 0x00000040
IF: 0x00451022 to_be_stalled
ID: BEQ to_be_stalled
EX: SLT
DM: NOP
WB: J


cycle 149
PC: 0x00000040
IF: 0x00451022
ID: BEQ fwd_EX-DM_rt_$11
EX: NOP
DM: SLT
WB: NOP


cycle 150
PC: 0x00000044
IF: 0x0040602A
ID: SUB
EX: BEQ
DM: NOP
WB: SLT


cycle 151
PC: 0x00000048
IF: 0x100C0006
ID: SLT
EX: SUB
DM: BEQ
WB: NOP


cycle 152
PC: 0x0000004C
IF: 0x00451020 to_be_stalled
ID: BEQ to_be_stalled
EX: SLT fwd_EX-DM_rs_$2
DM: SUB
WB: BEQ


cycle 153
PC: 0x0000004C
IF: 0x00451020 to_be_flushed
ID: BEQ fwd_EX-DM_rt_$12
EX: NOP
DM: SLT
WB: SUB


cycle 154
$02: 0x00000013
PC: 0x00000064
IF: 0x00021040
ID: NOP
EX: BEQ
DM: NOP
WB: SLT


cycle 155
PC: 0x00000068
IF: 0x00036FC2
ID: SLL
EX: NOP
DM: BEQ
WB: NOP


cycle 156
PC: 0x0000006C
IF: 0x004D1025
ID: SRL
EX: SLL
DM: NOP
WB: BEQ


cycle 157
PC: 0x00000070
IF: 0x00031840
ID: OR
EX: SRL
DM: SLL
WB: NOP


cycle 158
PC: 0x00000074
IF: 0x34630001
ID: SLL
EX: OR fwd_EX-DM_rt_$13
DM: SRL
WB: SLL


cycle 159
$02: 0x00000026
PC: 0x00000078
IF: 0x214AFFFF
ID: ORI
EX: SLL
DM: OR
WB: SRL


cycle 160
PC: 0x0000007C
IF: 0x0800000E
ID: ADDI
EX: ORI fwd_EX-DM_rs_$3 fwd_EX-DM_rt_$3
DM: SLL
WB: OR


cycle 161
$02: 0x00000013
PC: 0x00000080
IF: 0x00021043 to_be_flushed
ID: J
EX: ADDI
DM: ORI
WB: SLL


cycle 162
$03: 0xFFFFE5FE
PC: 0x00000038
IF: 0x000A582A
ID: NOP
EX: J
DM: ADDI
WB: ORI


cycle 163
$03: 0xFFFFE5FF
PC: 0x0000003C
IF: 0x100B0010
ID: SLT
EX: NOP
DM: J
WB: ADDI


cycle 164
$10: 0x00000017
PC: 0x00000040
IF: 0x00451022 to_be_stalled
ID: BEQ to_be_stalled
EX: SLT
DM: NOP
WB: J


cycle 165
PC: 0x00000040
IF: 0x00451022
ID: BEQ fwd_EX-DM_rt_$11
EX: NOP
DM: SLT
WB: NOP


cycle 166
PC: 0x00000044
IF: 0x0040602A
ID: SUB
EX: BEQ
DM: NOP
WB: SLT


cycle 167
PC: 0x00000048
IF: 0x100C0006
ID: SLT
EX: SUB
DM: BEQ
WB: NOP


cycle 168
PC: 0x0000004C
IF: 0x00451020 to_be_stalled
ID: BEQ to_be_stalled
EX: SLT fwd_EX-DM_rs_$2
DM: SUB
WB: BEQ


cycle 169
PC: 0x0000004C
IF: 0x00451020 to_be_flushed
ID: BEQ fwd_EX-DM_rt_$12
EX: NOP
DM: SLT
WB: SUB


cycle 170
$02: 0x00000015
PC: 0x00000064
IF: 0x00021040
ID: NOP
EX: BEQ
DM: NOP
WB: SLT


cycle 171
PC: 0x00000068
IF: 0x00036FC2
ID: SLL
EX: NOP
DM: BEQ
WB: NOP


cycle 172
PC: 0x0000006C
IF: 0x004D1025
ID: SRL
EX: SLL
DM: NOP
WB: BEQ


cycle 173
PC: 0x00000070
IF: 0x00031840
ID: OR
EX: SRL
DM: SLL
WB: NOP


cycle 174
PC: 0x00000074
IF: 0x34630001
ID: SLL
EX: OR fwd_EX-DM_rt_$13
DM: SRL
WB: SLL


cycle 175
$02: 0x0000002A
PC: 0x00000078
IF: 0x214AFFFF
ID: ORI
EX: SLL
DM: OR
WB: SRL


cycle 176
PC: 0x0000007C
IF: 0x0800000E
ID: ADDI
EX: ORI fwd_EX-DM_rs_$3 fwd_EX-DM_rt_$3
DM: SLL
WB: OR


cycle 177
$02: 0x00000015
PC: 0x00000080
IF: 0x00021043 to_be_flushed
ID: J
EX: ADDI
DM: ORI
WB: SLL


cycle 178
$03: 0xFFFFCBFE
PC: 0x00000038
IF: 0x000A582A
ID: NOP
EX: J
DM: ADDI
WB: ORI


cycle 179
$03: 0xFFFFCBFF
PC: 0x0000003C
IF: 0x100B0010
ID: SLT
EX: NOP
DM: J
WB: ADDI


cycle 180
$10: 0x00000016
PC: 0x00000040
IF: 0x00451022 to_be_stalled
ID: BEQ to_be_stalled
EX: SLT
DM: NOP
WB: J


cycle 181
PC: 0x00000040
IF: 0x00451022
ID: BEQ fwd_EX-DM_rt_$11
EX: NOP
DM: SLT
WB: NOP


cycle 182
PC: 0x00000044
IF: 0x0040602A
ID: SUB
EX: BEQ
DM: NOP
WB: SLT


cycle 183
PC: 0x00000048
IF: 0x100C0006
ID: SLT
EX: SUB
DM: BEQ
WB: NOP


cycle 184
PC: 0x0000004C
IF: 0x00451020 to_be_stalled
ID: BEQ to_be_stalled
EX: SLT fwd_EX-DM_rs_$2
DM: SUB
WB: BEQ


cycle 185
PC: 0x0000004C
IF: 0x00451020 to_be_flushed
ID: BEQ fwd_EX-DM_rt_$12
EX: NOP
DM: SLT
WB: SUB


cycle 186
$02: 0x00000017
PC: 0x00000064
IF: 0x00021040
ID: NOP
EX: BEQ
DM: NOP
WB: SLT


cycle 187
PC: 0x00000068
IF: 0x00036FC2
ID: SLL
EX: NOP
DM: BEQ
WB: NOP


cycle 188
PC: 0x0000006C
IF: 0x004D1025
ID: SRL
EX: SLL
DM: NOP
WB: BEQ


cycle 189
PC: 0x00000070
IF: 0x00031840
ID: OR
EX: SRL
DM: SLL
WB: NOP


cycle 190
PC: 0x00000074
IF: 0x34630001
ID: SLL
EX: OR fwd_EX-DM_rt_$13
DM: SRL
WB: SLL


cycle 191
$02: 0x0000002E
PC: 0x00000078
IF: 0x214AFFFF
ID: ORI
EX: SLL
DM: OR
WB: SRL


cycle 192
PC: 0x0000007C
IF: 0x0800000E
ID: ADDI
EX: ORI fwd_EX-DM_rs_$3 fwd_EX-DM_rt_$3
DM: SLL
WB: OR


cycle 193
$02: 0x00000017
PC: 0x00000080
IF: 0x00021043 to_be_flushed
ID: J
EX: ADDI
DM: ORI
WB: SLL


cycle 194
$03: 0xFFFF97FE
PC: 0x00000038
IF: 0x000A582A
ID: NOP
EX: J
DM: ADDI
WB: ORI


cycle 195
$03: 0xFFFF97FF
PC: 0x0000003C
IF: 0x100B0010
ID: SLT
EX: NOP
DM: J
WB: ADDI


cycle 196
$10: 0x00000015
PC: 0x00000040
IF: 0x00451022 to_be_stalled
ID: BEQ to_be_stalled
EX: SLT
DM: NOP
WB: J


cycle 197
PC: 0x00000040
IF: 0x00451022
ID: BEQ fwd_EX-DM_rt_$11
EX: NOP
DM: SLT
WB: NOP


cycle 198
PC: 0x00000044
IF: 0x0040602A
ID: SUB
EX: BEQ
DM: NOP
WB: SLT


cycle 199
PC: 0x00000048
IF: 0x100C0006
ID: SLT
EX: SUB
DM: BEQ
WB: NOP


cycle 200
PC: 0x0000004C
IF: 0x00451020 to_be_stalled
ID: BEQ to_be_stalled
EX: SLT fwd_EX-DM_rs_$2
DM: SUB
WB: BEQ


cycle 201
PC: 0x0000004C
IF: 0x00451020 to_be_flushed
ID: BEQ fwd_EX-DM_rt_$12
EX: NOP
DM: SLT
WB: SUB


cycle 202
$02: 0x00000019
PC: 0x00000064
IF: 0x00021040
ID: NOP
EX: BEQ
DM: NOP
WB: SLT


cycle 203
PC: 0x00000068
IF: 0x00036FC2
ID: SLL
EX: NOP
DM: BEQ
WB: NOP


cycle 204
PC: 0x0000006C
IF: 0x004D1025
ID: SRL
EX: SLL
DM: NOP
WB: BEQ


cycle 205
PC: 0x00000070
IF: 0x00031840
ID: OR
EX: SRL
DM: SLL
WB: NOP


cycle 206
PC: 0x00000074
IF: 0x34630001
ID: SLL
EX: OR fwd_EX-DM_rt_$13
DM: SRL
WB: SLL


cycle 207
$02: 0x00000032
PC: 0x00000078
IF: 0x214AFFFF
ID: ORI
EX: SLL
DM: OR
WB: SRL


cycle 208
PC: 0x0000007C
IF: 0x0800000E
ID: ADDI
EX: ORI fwd_EX-DM_rs_$3 fwd_EX-DM_rt_$3
DM: SLL
WB: OR


cycle 209
$02: 0x00000019
PC: 0x00000080
IF: 0x00021043 to_be_flushed
ID: J
EX: ADDI
DM: ORI
WB: SLL


cycle 210
$03: 0xFFFF2FFE
PC: 0x00000038
IF: 0x000A582A
ID: NOP
EX: J
DM: ADDI
WB: ORI


cycle 211
$03: 0xFFFF2FFF
PC: 0x0000003C
IF: 0x100B0010
ID: SLT
EX: NOP
DM: J
WB: ADDI


cycle 212
$10: 0x00000014
PC: 0x00000040
IF: 0x00451022 to_be_stalled
ID: BEQ to_be_stalled
EX: SLT
DM: NOP
WB: J


cycle 213
PC: 0x00000040
IF: 0x00451022
ID: BEQ fwd_EX-DM_rt_$11
EX: NOP
DM: SLT
WB: NOP


cycle 214
PC: 0x00000044
IF: 0x0040602A
ID: SUB
EX: BEQ
DM: NOP
WB: SLT


cycle 215
PC: 0x00000048
IF: 0x100C0006
ID: SLT
EX: SUB
DM: BEQ
WB: NOP


cycle 216
PC: 0x0000004C
IF: 0x00451020 to_be_stalled
ID: BEQ to_be_stalled
EX: SLT fwd_EX-DM_rs_$2
DM: SUB
WB: BEQ


cycle 217
PC: 0x0000004C
IF: 0x00451020 to_be_flushed
ID: BEQ fwd_EX-DM_rt_$12
EX: NOP
DM: SLT
WB: SUB


cycle 218
$02: 0x0000001B
PC: 0x00000064
IF: 0x00021040
ID: NOP
EX: BEQ
DM: NOP
WB: SLT


cycle 219
PC: 0x00000068
IF: 0x00036FC2
ID: SLL
EX: NOP
DM: BEQ
WB: NOP


cycle 220
PC: 0x0000006C
IF: 0x004D1025
ID: SRL
EX: SLL
DM: NOP
WB: BEQ


cycle 221
PC: 0x00000070
IF: 0x00031840
ID: OR
EX: SRL
DM: SLL
WB: NOP


cycle 222
PC: 0x00000074
IF: 0x34630001
ID: SLL
EX: OR fwd_EX-DM_rt_$13
DM: SRL
WB: SLL


cycle 223
$02: 0x00000036
PC: 0x00000078
IF: 0x214AFFFF
ID: ORI
EX: SLL
DM: OR
WB: SRL


cycle 224
PC: 0x0000007C
IF: 0x0800000E
ID: ADDI
EX: ORI fwd_EX-DM_rs_$3 fwd_EX-DM_rt_$3
DM: SLL
WB: OR


cycle 225
$02: 0x0000001B
PC: 0x00000080
IF: 0x00021043 to_be_flushed
ID: J
EX: ADDI
DM: ORI
WB: SLL


cycle 226
$03: 0xFFFE5FFE
PC: 0x00000038
IF: 0x000A582A
ID: NOP
EX: J
DM: ADDI
WB: ORI


cycle 227
$03: 0xFFFE5FFF
PC: 0x0000003C
IF: 0x100B0010
ID: SLT
EX: NOP
DM: J
WB: ADDI


cycle 228
$10: 0x00000013
PC: 0x00000040
IF: 0x00451022 to_be_stalled
ID: BEQ to_be_stalled
EX: SLT
DM: NOP
WB: J


cycle 229
PC: 0x00000040
IF: 0x00451022
ID: BEQ fwd_EX-DM_rt_$11
EX: NOP
DM: SLT
WB: NOP


cycle 230
PC: 0x00000044
IF: 0x0040602A
ID: SUB
EX: BEQ
DM: NOP
WB: SLT


cycle 231
PC: 0x00000048
IF: 0x100C0006
ID: SLT
EX: SUB
DM: BEQ
WB: NOP


cycle 232
PC: 0x0000004C
IF: 0x00451020 to_be_stalled
ID: BEQ to_be_stalled
EX: SLT fwd_EX-DM_rs_$2
DM: SUB
WB: BEQ


cycle 233
PC: 0x0000004C
IF: 0x00451020 to_be_flushed
ID: BEQ fwd_EX-DM_rt_$12
EX: NOP
DM: SLT
WB: SUB


cycle 234
$02: 0x0000001D
PC: 0x00000064
IF: 0x00021040
ID: NOP
EX: BEQ
DM: NOP
WB: SLT


cycle 235
PC: 0x00000068
IF: 0x00036FC2
ID: SLL
EX: NOP
DM: BEQ
WB: NOP


cycle 236
PC: 0x0000006C
IF: 0x004D1025
ID: SRL
EX: SLL
DM: NOP
WB: BEQ


cycle 237
PC: 0x00000070
IF: 0x00031840
ID: OR
EX: SRL
DM: SLL
WB: NOP


cycle 238
PC: 0x00000074
IF: 0x34630001
ID: SLL
EX: OR fwd_EX-DM_rt_$13
DM: SRL
WB: SLL


cycle 239
$02: 0x0000003A
PC: 0x00000078
IF: 0x214AFFFF
ID: ORI
EX: SLL
DM: OR
WB: SRL


cycle 240
PC: 0x0000007C
IF: 0x0800000E
ID: ADDI
EX: ORI fwd_EX-DM_rs_$3 fwd_EX-DM_rt_$3
DM: SLL
WB: OR


cycle 241
$02: 0x0000001D
PC: 0x00000080
IF: 0x00021043 to_be_flushed
ID: J
EX: ADDI
DM: ORI
WB: SLL


cycle 242
$03: 0xFFFCBFFE
PC: 0x00000038
IF: 0x000A582A
ID: NOP
EX: J
DM: ADDI
WB: ORI


cycle 243
$03: 0xFFFCBFFF
PC: 0x0000003C
IF: 0x100B0010
ID: SLT
EX: NOP
DM: J
WB: ADDI


cycle 244
$10: 0x00000012
PC: 0x00000040
IF: 0x00451022 to_be_stalled
ID: BEQ to_be_stalled
EX: SLT
DM: NOP
WB: J


cycle 245
PC: 0x00000040
IF: 0x00451022
ID: BEQ fwd_EX-DM_rt_$11
EX: NOP
DM: SLT
WB: NOP


cycle 246
PC: 0x00000044
IF: 0x0040602A
ID: SUB
EX: BEQ
DM: NOP
WB: SLT


cycle 247
PC: 0x00000048
IF: 0x100C0006
ID: SLT
EX: SUB
DM: BEQ
WB: NOP


cycle 248
PC: 0x0000004C
IF: 0x00451020 to_be_stalled
ID: BEQ to_be_stalled
EX: SLT fwd_EX-DM_rs_$2
DM: SUB
WB: BEQ


cycle 249
PC: 0x0000004C
IF: 0x00451020 to_be_flushed
ID: BEQ fwd_EX-DM_rt_$12
EX: NOP
DM: SLT
WB: SUB


cycle 250
$02: 0x0000001F
PC: 0x00000064
IF: 0x00021040
ID: NOP
EX: BEQ
DM: NOP
WB: SLT


cycle 251
PC: 0x00000068
IF: 0x00036FC2
ID: SLL
EX: NOP
DM: BEQ
WB: NOP


cycle 252
PC: 0x0000006C
IF: 0x004D1025
ID: SRL
EX: SLL
DM: NOP
WB: BEQ


cycle 253
PC: 0x00000070
IF: 0x00031840
ID: OR
EX: SRL
DM: SLL
WB: NOP


cycle 254
PC: 0x00000074
IF: 0x34630001
ID: SLL
EX: OR fwd_EX-DM_rt_$13
DM: SRL
WB: SLL


cycle 255
$02: 0x0000003E
PC: 0x00000078
IF: 0x214AFFFF
ID: ORI
EX: SLL
DM: OR
WB: SRL


cycle 256
PC: 0x0000007C
IF: 0x0800000E
ID: ADDI
EX: ORI fwd_EX-DM_rs_$3 fwd_EX-DM_rt_$3
DM: SLL
WB: OR


cycle 257
$02: 0x0000001F
PC: 0x00000080
IF: 0x00021043 to_be_flushed
ID: J
EX: ADDI
DM: ORI
WB: SLL


cycle 258
$03: 0xFFF97FFE
PC: 0x00000038
IF: 0x000A582A
ID: NOP
EX: J
DM: ADDI
WB: ORI


cycle 259
$03: 0xFFF97FFF
PC: 0x0000003C
IF: 0x100B0010
ID: SLT
EX: NOP
DM: J
WB: ADDI


cycle 260
$10: 0x00000011
PC: 0x00000040
IF: 0x00451022 to_be_stalled
ID: BEQ to_be_stalled
EX: SLT
DM: NOP
WB: J


cycle 261
PC: 0x00000040
IF: 0x00451022
ID: BEQ fwd_EX-DM_rt_$11
EX: NOP
DM: SLT
WB: NOP


cycle 262
PC: 0x00000044
IF: 0x0040602A
ID: SUB
EX: BEQ
DM: NOP
WB: SLT


cycle 263
PC: 0x00000048
IF: 0x100C0006
ID: SLT
EX: SUB
DM: BEQ
WB: NOP


cycle 264
PC: 0x0000004C
IF: 0x00451020 to_be_stalled
ID: BEQ to_be_stalled
EX: SLT fwd_EX-DM_rs_$2
DM: SUB
WB: BEQ


cycle 265
PC: 0x0000004C
IF: 0x00451020 to_be_flushed
ID: BEQ fwd_EX-DM_rt_$12
EX: NOP
DM: SLT
WB: SUB


cycle 266
$02: 0x00000021
PC: 0x00000064
IF: 0x00021040
ID: NOP
EX: BEQ
DM: NOP
WB: SLT


cycle 267
PC: 0x00000068
IF: 0x00036FC2
ID: SLL
EX: NOP
DM: BEQ
WB: NOP


cycle 268
PC: 0x0000006C
IF: 0x004D1025
ID: SRL
EX: SLL
DM: NOP
WB: BEQ


cycle 269
PC: 0x00000070
IF: 0x00031840
ID: OR
EX: SRL
DM: SLL
WB: NOP


cycle 270
PC: 0x00000074
IF: 0x34630001
ID: SLL
EX: OR fwd_EX-DM_rt_$13
DM: SRL
WB: SLL


cycle 271
$02: 0x00000042
PC: 0x00000078
IF: 0x214AFFFF
ID: ORI
EX: SLL
DM: OR
WB: SRL


cycle 272
PC: 0x0000007C
IF: 0x0800000E
ID: ADDI
EX: ORI fwd_EX-DM_rs_$3 fwd_EX-DM_rt_$3
DM: SLL
WB: OR


cycle 273
$02: 0x00000021
PC: 0x00000080
IF: 0x00021043 to_be_flushed
ID: J
EX: ADDI
DM: ORI
WB: SLL


cycle 274
$03: 0xFFF2FFFE
PC: 0x00000038
IF: 0x000A582A
ID: NOP
EX: J
DM: ADDI
WB: ORI


cycle 275
$03: 0xFFF2FFFF
PC: 0x0000003C
IF: 0x100B0010
ID: SLT
EX: NOP
DM: J
WB: ADDI


cycle 276
$10: 0x00000010
PC: 0x00000040
IF: 0x00451022 to_be_stalled
ID: BEQ to_be_stalled
EX: SLT
DM: NOP
WB: J


cycle 277
PC: 0x00000040
IF: 0x00451022
ID: BEQ fwd_EX-DM_rt_$11
EX: NOP
DM: SLT
WB: NOP


cycle 278
PC: 0x00000044
IF: 0x0040602A
ID: SUB
EX: BEQ
DM: NOP
WB: SLT


cycle 279
PC: 0x00000048
IF: 0x100C0006
ID: SLT
EX: SUB
DM: BEQ
WB: NOP


cycle 280
PC: 0x0000004C
IF: 0x00451020 to_be_stalled
ID: BEQ to_be_stalled
EX: SLT fwd_EX-DM_rs_$2
DM: SUB
WB: BEQ


cycle 281
PC: 0x0000004C
IF: 0x00451020 to_be_flushed
ID: BEQ fwd_EX-DM_rt_$12
EX: NOP
DM: SLT
WB: SUB


cycle 282
$02: 0x00000023
PC: 0x00000064
IF: 0x00021040
ID: NOP
EX: BEQ
DM: NOP
WB: SLT


cycle 283
PC: 0x00000068
IF: 0x00036FC2
ID: SLL
EX: NOP
DM: BEQ
WB: NOP


cycle 284
PC: 0x0000006C
IF: 0x004D1025
ID: SRL
EX: SLL
DM: NOP
WB: BEQ


cycle 285
PC: 0x00000070
IF: 0x00031840
ID: OR
EX: SRL
DM: SLL
WB: NOP


cycle 286
PC: 0x00000074
IF: 0x34630001
ID: SLL
EX: OR fwd_EX-DM_rt_$13
DM: SRL
WB: SLL


cycle 287
$02: 0x00000046
PC: 0x00000078
IF: 0x214AFFFF
ID: ORI
EX: SLL
DM: OR
WB: SRL


cycle 288
PC: 0x0000007C
IF: 0x0800000E
ID: ADDI
EX: ORI fwd_EX-DM_rs_$3 fwd_EX-DM_rt_$3
DM: SLL
WB: OR


cycle 289
$02: 0x00000023
PC: 0x00000080
IF: 0x00021043 to_be_flushed
ID: J
EX: ADDI
DM: ORI
WB: SLL


cycle 290
$03: 0xFFE5FFFE
PC: 0x00000038
IF: 0x000A582A
ID: NOP
EX: J
DM: ADDI
WB: ORI


cycle 291
$03: 0xFFE5FFFF
PC: 0x0000003C
IF: 0x100B0010
ID: SLT
EX: NOP
DM: J
WB: ADDI


cycle 292
$10: 0x0000000F
PC: 0x00000040
IF: 0x00451022 to_be_stalled
ID: BEQ to_be_stalled
EX: SLT
DM: NOP
WB: J


cycle 293
PC: 0x00000040
IF: 0x00451022
ID: BEQ fwd_EX-DM_rt_$11
EX: NOP
DM: SLT
WB: NOP


cycle 294
PC: 0x00000044
IF: 0x0040602A
ID: SUB
EX: BEQ
DM: NOP
WB: SLT


cycle 295
PC: 0x00000048
IF: 0x100C0006
ID: SLT
EX: SUB
DM: BEQ
WB: NOP


cycle 296
PC: 0x0000004C
IF: 0x00451020 to_be_stalled
ID: BEQ to_be_stalled
EX: SLT fwd_EX-DM_rs_$2
DM: SUB
WB: BEQ


cycle 297
PC: 0x0000004C
IF: 0x00451020 to_be_flushed
ID: BEQ fwd_EX-DM_rt_$12
EX: NOP
DM: SLT
WB: SUB


cycle 298
$02: 0x00000025
PC: 0x00000064
IF: 0x00021040
ID: NOP
EX: BEQ
DM: NOP
WB: SLT


cycle 299
PC: 0x00000068
IF: 0x00036FC2
ID: SLL
EX: NOP
DM: BEQ
WB: NOP


cycle 300
PC: 0x0000006C
IF: 0x004D1025
ID: SRL
EX: SLL
DM: NOP
WB: BEQ


cycle 301
PC: 0x00000070
IF: 0x00031840
ID: OR
EX: SRL
DM: SLL
WB: NOP


cycle 302
PC: 0x00000074
IF: 0x34630001
ID: SLL
EX: OR fwd_EX-DM_rt_$13
DM: SRL
WB: SLL


cycle 303
$02: 0x0000004A
PC: 0x00000078
IF: 0x214AFFFF
ID: ORI
EX: SLL
DM: OR
WB: SRL


cycle 304
PC: 0x0000007C
IF: 0x0800000E
ID: ADDI
EX: ORI fwd_EX-DM_rs_$3 fwd_EX-DM_rt_$3
DM: SLL
WB: OR


cycle 305
$02: 0x00000025
PC: 0x00000080
IF: 0x00021043 to_be_flushed
ID: J
EX: ADDI
DM: ORI
WB: SLL


cycle 306
$03: 0xFFCBFFFE
PC: 0x00000038
IF: 0x000A582A
ID: NOP
EX: J
DM: ADDI
WB: ORI


cycle 307
$03: 0xFFCBFFFF
PC: 0x0000003C
IF: 0x100B0010
ID: SLT
EX: NOP
DM: J
WB: ADDI


cycle 308
$10: 0x0000000E
PC: 0x00000040
IF: 0x00451022 to_be_stalled
ID: BEQ to_be_stalled
EX: SLT
DM: NOP
WB: J


cycle 309
PC: 0x00000040
IF: 0x00451022
ID: BEQ fwd_EX-DM_rt_$11
EX: NOP
DM: SLT
WB: NOP


cycle 310
PC: 0x00000044
IF: 0x0040602A
ID: SUB
EX: BEQ
DM: NOP
WB: SLT


cycle 311
PC: 0x00000048
IF: 0x100C0006
ID: SLT
EX: SUB
DM: BEQ
WB: NOP


cycle 312
PC: 0x0000004C
IF: 0x00451020 to_be_stalled
ID: BEQ to_be_stalled
EX: SLT fwd_EX-DM_rs_$2
DM: SUB
WB: BEQ


cycle 313
PC: 0x0000004C
IF: 0x00451020 to_be_flushed
ID: BEQ fwd_EX-DM_rt_$12
EX: NOP
DM: SLT
WB: SUB


cycle 314
$02: 0x00000027
PC: 0x00000064
IF: 0x00021040
ID: NOP
EX: BEQ
DM: NOP
WB: SLT


cycle 315
PC: 0x00000068
IF: 0x00036FC2
ID: SLL
EX: NOP
DM: BEQ
WB: NOP


cycle 316
PC: 0x0000006C
IF: 0x004D1025
ID: SRL
EX: SLL
DM: NOP
WB: BEQ


cycle 317
PC: 0x00000070
IF: 0x00031840
ID: OR
EX: SRL
DM: SLL
WB: NOP


cycle 318
PC: 0x00000074
IF: 0x34630001
ID: SLL
EX: OR fwd_EX-DM_rt_$13
DM: SRL
WB: SLL


cycle 319
$02: 0x0000004E
PC: 0x00000078
IF: 0x214AFFFF
ID: ORI
EX: SLL
DM: OR
WB: SRL


cycle 320
PC: 0x0000007C
IF: 0x0800000E
ID: ADDI
EX: ORI fwd_EX-DM_rs_$3 fwd_EX-DM_rt_$3
DM: SLL
WB: OR


cycle 321
$02: 0x00000027
PC: 0x00000080
IF: 0x00021043 to_be_flushed
ID: J
EX: ADDI
DM: ORI
WB: SLL


cycle 322
$03: 0xFF97FFFE
PC: 0x00000038
IF: 0x000A582A
ID: NOP
EX: J
DM: ADDI
WB: ORI


cycle 323
$03: 0xFF97FFFF
PC: 0x0000003C
IF: 0x100B0010
ID: SLT
EX: NOP
DM: J
WB: ADDI


cycle 324
$10: 0x0000000D
PC: 0x00000040
IF: 0x00451022 to_be_stalled
ID: BEQ to_be_stalled
EX: SLT
DM: NOP
WB: J


cycle 325
PC: 0x00000040
IF: 0x00451022
ID: BEQ fwd_EX-DM_rt_$11
EX: NOP
DM: SLT
WB: NOP


cycle 326
PC: 0x00000044
IF: 0x0040602A
ID: SUB
EX: BEQ
DM: NOP
WB: SLT


cycle 327
PC: 0x00000048
IF: 0x100C0006
ID: SLT
EX: SUB
DM: BEQ
WB: NOP


cycle 328
PC: 0x0000004C
IF: 0x00451020 to_be_stalled
ID: BEQ to_be_stalled
EX: SLT fwd_EX-DM_rs_$2
DM: SUB
WB: BEQ


cycle 329
PC: 0x0000004C
IF: 0x00451020 to_be_flushed
ID: BEQ fwd_EX-DM_rt_$12
EX: NOP
DM: SLT
WB: SUB


cycle 330
$02: 0x00000029
PC: 0x00000064
IF: 0x00021040
ID: NOP
EX: BEQ
DM: NOP
WB: SLT


cycle 331
PC: 0x00000068
IF: 0x00036FC2
ID: SLL
EX: NOP
DM: BEQ
WB: NOP


cycle 332
PC: 0x0000006C
IF: 0x004D1025
ID: SRL
EX: SLL
DM: NOP
WB: BEQ


cycle 333
PC: 0x00000070
IF: 0x00031840
ID: OR
EX: SRL
DM: SLL
WB: NOP


cycle 334
PC: 0x00000074
IF: 0x34630001
ID: SLL
EX: OR fwd_EX-DM_rt_$13
DM: SRL
WB: SLL


cycle 335
$02: 0x00000052
PC: 0x00000078
IF: 0x214AFFFF
ID: ORI
EX: SLL
DM: OR
WB: SRL


cycle 336
PC: 0x0000007C
IF: 0x0800000E
ID: ADDI
EX: ORI fwd_EX-DM_rs_$3 fwd_EX-DM_rt_$3
DM: SLL
WB: OR


cycle 337
$02: 0x00000029
PC: 0x00000080
IF: 0x00021043 to_be_flushed
ID: J
EX: ADDI
DM: ORI
WB: SLL


cycle 338
$03: 0xFF2FFFFE
PC: 0x00000038
IF: 0x000A582A
ID: NOP
EX: J
DM: ADDI
WB: ORI


cycle 339
$03: 0xFF2FFFFF
PC: 0x0000003C
IF: 0x100B0010
ID: SLT
EX: NOP
DM: J
WB: ADDI


cycle 340
$10: 0x0000000C
PC: 0x00000040
IF: 0x00451022 to_be_stalled
ID: BEQ to_be_stalled
EX: SLT
DM: NOP
WB: J


cycle 341
PC: 0x00000040
IF: 0x00451022
ID: BEQ fwd_EX-DM_rt_$11
EX: NOP
DM: SLT
WB: NOP


cycle 342
PC: 0x00000044
IF: 0x0040602A
ID: SUB
EX: BEQ
DM: NOP
WB: SLT


cycle 343
PC: 0x00000048
IF: 0x100C0006
ID: SLT
EX: SUB
DM: BEQ
WB: NOP


cycle 344
PC: 0x0000004C
IF: 0x00451020 to_be_stalled
ID: BEQ to_be_stalled
EX: SLT fwd_EX-DM_rs_$2
DM: SUB
WB: BEQ


cycle 345
PC: 0x0000004C
IF: 0x00451020 to_be_flushed
ID: BEQ fwd_EX-DM_rt_$12
EX: NOP
DM: SLT
WB: SUB


cycle 346
$02: 0x0000002B
PC: 0x00000064
IF: 0x00021040
ID: NOP
EX: BEQ
DM: NOP
WB: SLT


cycle 347
PC: 0x00000068
IF: 0x00036FC2
ID: SLL
EX: NOP
DM: BEQ
WB: NOP


cycle 348
PC: 0x0000006C
IF: 0x004D1025
ID: SRL
EX: SLL
DM: NOP
WB: BEQ


cycle 349
PC: 0x00000070
IF: 0x00031840
ID: OR
EX: SRL
DM: SLL
WB: NOP


cycle 350
PC: 0x00000074
IF: 0x34630001
ID: SLL
EX: OR fwd_EX-DM_rt_$13
DM: SRL
WB: SLL


cycle 351
$02: 0x00000056
PC: 0x00000078
IF: 0x214AFFFF
ID: ORI
EX: SLL
DM: OR
WB: SRL


cycle 352
PC: 0x0000007C
IF: 0x0800000E
ID: ADDI
EX: ORI fwd_EX-DM_rs_$3 fwd_EX-DM_rt_$3
DM: SLL
WB: OR


cycle 353
$02: 0x0000002B
PC: 0x00000080
IF: 0x00021043 to_be_flushed
ID: J
EX: ADDI
DM: ORI
WB: SLL


cycle 354
$03: 0xFE5FFFFE
PC: 0x00000038
IF: 0x000A582A
ID: NOP
EX: J
DM: ADDI
WB: ORI


cycle 355
$03: 0xFE5FFFFF
PC: 0x0000003C
IF: 0x100B0010
ID: SLT
EX: NOP
DM: J
WB: ADDI


cycle 356
$10: 0x0000000B
PC: 0x00000040
IF: 0x00451022 to_be_stalled
ID: BEQ to_be_stalled
EX: SLT
DM: NOP
WB: J


cycle 357
PC: 0x00000040
IF: 0x00451022
ID: BEQ fwd_EX-DM_rt_$11
EX: NOP
DM: SLT
WB: NOP


cycle 358
PC: 0x00000044
IF: 0x0040602A
ID: SUB
EX: BEQ
DM: NOP
WB: SLT


cycle 359
PC: 0x00000048
IF: 0x100C0006
ID: SLT
EX: SUB
DM: BEQ
WB: NOP


cycle 360
PC: 0x0000004C
IF: 0x00451020 to_be_stalled
ID: BEQ to_be_stalled
EX: SLT fwd_EX-DM_rs_$2
DM: SUB
WB: BEQ


cycle 361
PC: 0x0000004C
IF: 0x00451020 to_be_flushed
ID: BEQ fwd_EX-DM_rt_$12
EX: NOP
DM: SLT
WB: SUB


cycle 362
$02: 0x0000002D
PC: 0x00000064
IF: 0x00021040
ID: NOP
EX: BEQ
DM: NOP
WB: SLT


cycle 363
PC: 0x00000068
IF: 0x00036FC2
ID: SLL
EX: NOP
DM: BEQ
WB: NOP


cycle 364
PC: 0x0000006C
IF: 0x004D1025
ID: SRL
EX: SLL
DM: NOP
WB: BEQ


cycle 365
PC: 0x00000070
IF: 0x00031840
ID: OR
EX: SRL
DM: SLL
WB: NOP


cycle 366
PC: 0x00000074
IF: 0x34630001
ID: SLL
EX: OR fwd_EX-DM_rt_$13
DM: SRL
WB: SLL


cycle 367
$02: 0x0000005A
PC: 0x00000078
IF: 0x214AFFFF
ID: ORI
EX: SLL
DM: OR
WB: SRL


cycle 368
PC: 0x0000007C
IF: 0x0800000E
ID: ADDI
EX: ORI fwd_EX-DM_rs_$3 fwd_EX-DM_rt_$3
DM: SLL
WB: OR


cycle 369
$02: 0x0000002D
PC: 0x00000080
IF: 0x00021043 to_be_flushed
ID: J
EX: ADDI
DM: ORI
WB: SLL


cycle 370
$03: 0xFCBFFFFE
PC: 0x00000038
IF: 0x000A582A
ID: NOP
EX: J
DM: ADDI
WB: ORI


cycle 371
$03: 0xFCBFFFFF
PC: 0x0000003C
IF: 0x100B0010
ID: SLT
EX: NOP
DM: J
WB: ADDI


cycle 372
$10: 0x0000000A
PC: 0x00000040
IF: 0x00451022 to_be_stalled
ID: BEQ to_be_stalled
EX: SLT
DM: NOP
WB: J


cycle 373
PC: 0x00000040
IF: 0x00451022
ID: BEQ fwd_EX-DM_rt_$11
EX: NOP
DM: SLT
WB: NOP


cycle 374
PC: 0x00000044
IF: 0x0040602A
ID: SUB
EX: BEQ
DM: NOP
WB: SLT


cycle 375
PC: 0x00000048
IF: 0x100C0006
ID: SLT
EX: SUB
DM: BEQ
WB: NOP


cycle 376
PC: 0x0000004C
IF: 0x00451020 to_be_stalled
ID: BEQ to_be_stalled
EX: SLT fwd_EX-DM_rs_$2
DM: SUB
WB: BEQ


cycle 377
PC: 0x0000004C
IF: 0x00451020 to_be_flushed
ID: BEQ fwd_EX-DM_rt_$12
EX: NOP
DM: SLT
WB: SUB


cycle 378
$02: 0x0000002F
PC: 0x00000064
IF: 0x00021040
ID: NOP
EX: BEQ
DM: NOP
WB: SLT


cycle 379
PC: 0x00000068
IF: 0x00036FC2
ID: SLL
EX: NOP
DM: BEQ
WB: NOP


cycle 380
PC: 0x0000006C
IF: 0x004D1025
ID: SRL
EX: SLL
DM: NOP
WB: BEQ


cycle 381
PC: 0x00000070
IF: 0x00031840
ID: OR
EX: SRL
DM: SLL
WB: NOP


cycle 382
PC: 0x00000074
IF: 0x34630001
ID: SLL
EX: OR fwd_EX-DM_rt_$13
DM: SRL
WB: SLL


cycle 383
$02: 0x0000005E
PC: 0x00000078
IF: 0x214AFFFF
ID: ORI
EX: SLL
DM: OR
WB: SRL


cycle 384
PC: 0x0000007C
IF: 0x0800000E
ID: ADDI
EX: ORI fwd_EX-DM_rs_$3 fwd_EX-DM_rt_$3
DM: SLL
WB: OR


cycle 385
$02: 0x0000002F
PC: 0x00000080
IF: 0x00021043 to_be_flushed
ID: J
EX: ADDI
DM: ORI
WB: SLL


cycle 386
$03: 0xF97FFFFE
PC: 0x00000038
IF: 0x000A582A
ID: NOP
EX: J
DM: ADDI
WB: ORI


cycle 387
$03: 0xF97FFFFF
PC: 0x0000003C
IF: 0x100B0010
ID: SLT
EX: NOP
DM: J
WB: ADDI


cycle 388
$10: 0x00000009
PC: 0x00000040
IF: 0x00451022 to_be_stalled
ID: BEQ to_be_stalled
EX: SLT
DM: NOP
WB: J


cycle 389
PC: 0x00000040
IF: 0x00451022
ID: BEQ fwd_EX-DM_rt_$11
EX: NOP
DM: SLT
WB: NOP


cycle 390
PC: 0x00000044
IF: 0x0040602A
ID: SUB
EX: BEQ
DM: NOP
WB: SLT


cycle 391
PC: 0x00000048
IF: 0x100C0006
ID: SLT
EX: SUB
DM: BEQ
WB: NOP


cycle 392
PC: 0x0000004C
IF: 0x00451020 to_be_stalled
ID: BEQ to_be_stalled
EX: SLT fwd_EX-DM_rs_$2
DM: SUB
WB: BEQ


cycle 393
PC: 0x0000004C
IF: 0x00451020 to_be_flushed
ID: BEQ fwd_EX-DM_rt_$12
EX: NOP
DM: SLT
WB: SUB


cycle 394
$02: 0x00000031
PC: 0x00000064
IF: 0x00021040
ID: NOP
EX: BEQ
DM: NOP
WB: SLT


cycle 395
PC: 0x00000068
IF: 0x00036FC2
ID: SLL
EX: NOP
DM: BEQ
WB: NOP


cycle 396
PC: 0x0000006C
IF: 0x004D1025
ID: SRL
EX: SLL
DM: NOP
WB: BEQ


cycle 397
PC: 0x00000070
IF: 0x00031840
ID: OR
EX: SRL
DM: SLL
WB: NOP


cycle 398
PC: 0x00000074
IF: 0x34630001
ID: SLL
EX: OR fwd_EX-DM_rt_$13
DM: SRL
WB: SLL


cycle 399
$02: 0x00000062
PC: 0x00000078
IF: 0x214AFFFF
ID: ORI
EX: SLL
DM: OR
WB: SRL


cycle 400
PC: 0x0000007C
IF: 0x0800000E
ID: ADDI
EX: ORI fwd_EX-DM_rs_$3 fwd_EX-DM_rt_$3
DM: SLL
WB: OR


cycle 401
$02: 0x00000031
PC: 0x00000080
IF: 0x00021043 to_be_flushed
ID: J
EX: ADDI
DM: ORI
WB: SLL


cycle 402
$03: 0xF2FFFFFE
PC: 0x00000038
IF: 0x000A582A
ID: NOP
EX: J
DM: ADDI
WB: ORI


cycle 403
$03: 0xF2FFFFFF
PC: 0x0000003C
IF: 0x100B0010
ID: SLT
EX: NOP
DM: J
WB: ADDI


cycle 404
$10: 0x00000008
PC: 0x00000040
IF: 0x00451022 to_be_stalled
ID: BEQ to_be_stalled
EX: SLT
DM: NOP
WB: J


cycle 405
PC: 0x00000040
IF: 0x00451022
ID: BEQ fwd_EX-DM_rt_$11
EX: NOP
DM: SLT
WB: NOP


cycle 406
PC: 0x00000044
IF: 0x0040602A
ID: SUB
EX: BEQ
DM: NOP
WB: SLT


cycle 407
PC: 0x00000048
IF: 0x100C0006
ID: SLT
EX: SUB
DM: BEQ
WB: NOP


cycle 408
PC: 0x0000004C
IF: 0x00451020 to_be_stalled
ID: BEQ to_be_stalled
EX: SLT fwd_EX-DM_rs_$2
DM: SUB
WB: BEQ


cycle 409
PC: 0x0000004C
IF: 0x00451020 to_be_flushed
ID: BEQ fwd_EX-DM_rt_$12
EX: NOP
DM: SLT
WB: SUB


cycle 410
$02: 0x00000033
PC: 0x00000064
IF: 0x00021040
ID: NOP
EX: BEQ
DM: NOP
WB: SLT


cycle 411
PC: 0x00000068
IF: 0x00036FC2
ID: SLL
EX: NOP
DM: BEQ
WB: NOP


cycle 412
PC: 0x0000006C
IF: 0x004D1025
ID: SRL
EX: SLL
DM: NOP
WB: BEQ


cycle 413
PC: 0x00000070
IF: 0x00031840
ID: OR
EX: SRL
DM: SLL
WB: NOP


cycle 414
PC: 0x00000074
IF: 0x34630001
ID: SLL
EX: OR fwd_EX-DM_rt_$13
DM: SRL
WB: SLL


cycle 415
$02: 0x00000066
PC: 0x00000078
IF: 0x214AFFFF
ID: ORI
EX: SLL
DM: OR
WB: SRL


cycle 416
PC: 0x0000007C
IF: 0x0800000E
ID: ADDI
EX: ORI fwd_EX-DM_rs_$3 fwd_EX-DM_rt_$3
DM: SLL
WB: OR


cycle 417
$02: 0x00000033
PC: 0x00000080
IF: 0x00021043 to_be_flushed
ID: J
EX: ADDI
DM: ORI
WB: SLL


cycle 418
$03: 0xE5FFFFFE
PC: 0x00000038
IF: 0x000A582A
ID: NOP
EX: J
DM: ADDI
WB: ORI


cycle 419
$03: 0xE5FFFFFF
PC: 0x0000003C
IF: 0x100B0010
ID: SLT
EX: NOP
DM: J
WB: ADDI


cycle 420
$10: 0x00000007
PC: 0x00000040
IF: 0x00451022 to_be_stalled
ID: BEQ to_be_stalled
EX: SLT
DM: NOP
WB: J


cycle 421
PC: 0x00000040
IF: 0x00451022
ID: BEQ fwd_EX-DM_rt_$11
EX: NOP
DM: SLT
WB: NOP


cycle 422
PC: 0x00000044
IF: 0x0040602A
ID: SUB
EX: BEQ
DM: NOP
WB: SLT


cycle 423
PC: 0x00000048
IF: 0x100C0006
ID: SLT
EX: SUB
DM: BEQ
WB: NOP


cycle 424
PC: 0x0000004C
IF: 0x00451020 to_be_stalled
ID: BEQ to_be_stalled
EX: SLT fwd_EX-DM_rs_$2
DM: SUB
WB: BEQ


cycle 425
PC: 0x0000004C
IF: 0x00451020 to_be_flushed
ID: BEQ fwd_EX-DM_rt_$12
EX: NOP
DM: SLT
WB: SUB


cycle 426
$02: 0x00000035
PC: 0x00000064
IF: 0x00021040
ID: NOP
EX: BEQ
DM: NOP
WB: SLT


cycle 427
PC: 0x00000068
IF: 0x00036FC2
ID: SLL
EX: NOP
DM: BEQ
WB: NOP


cycle 428
PC: 0x0000006C
IF: 0x004D1025
ID: SRL
EX: SLL
DM: NOP
WB: BEQ


cycle 429
PC: 0x00000070
IF: 0x00031840
ID: OR
EX: SRL
DM: SLL
WB: NOP


cycle 430
PC: 0x00000074
IF: 0x34630001
ID: SLL
EX: OR fwd_EX-DM_rt_$13
DM: SRL
WB: SLL


cycle 431
$02: 0x0000006A
PC: 0x00000078
IF: 0x214AFFFF
ID: ORI
EX: SLL
DM: OR
WB: SRL


cycle 432
PC: 0x0000007C
IF: 0x0800000E
ID: ADDI
EX: ORI fwd_EX-DM_rs_$3 fwd_EX-DM_rt_$3
DM: SLL
WB: OR


cycle 433
$02: 0x00000035
PC: 0x00000080
IF: 0x00021043 to_be_flushed
ID: J
EX: ADDI
DM: ORI
WB: SLL


cycle 434
$03: 0xCBFFFFFE
PC: 0x00000038
IF: 0x000A582A
ID: NOP
EX: J
DM: ADDI
WB: ORI


cycle 435
$03: 0xCBFFFFFF
PC: 0x0000003C
IF: 0x100B0010
ID: SLT
EX: NOP
DM: J
WB: ADDI


cycle 436
$10: 0x00000006
PC: 0x00000040
IF: 0x00451022 to_be_stalled
ID: BEQ to_be_stalled
EX: SLT
DM: NOP
WB: J


cycle 437
PC: 0x00000040
IF: 0x00451022
ID: BEQ fwd_EX-DM_rt_$11
EX: NOP
DM: SLT
WB: NOP


cycle 438
PC: 0x00000044
IF: 0x0040602A
ID: SUB
EX: BEQ
DM: NOP
WB: SLT


cycle 439
PC: 0x00000048
IF: 0x100C0006
ID: SLT
EX: SUB
DM: BEQ
WB: NOP


cycle 440
PC: 0x0000004C
IF: 0x00451020 to_be_stalled
ID: BEQ to_be_stalled
EX: SLT fwd_EX-DM_rs_$2
DM: SUB
WB: BEQ


cycle 441
PC: 0x0000004C
IF: 0x00451020 to_be_flushed
ID: BEQ fwd_EX-DM_rt_$12
EX: NOP
DM: SLT
WB: SUB


cycle 442
$02: 0x00000037
PC: 0x00000064
IF: 0x00021040
ID: NOP
EX: BEQ
DM: NOP
WB: SLT


cycle 443
PC: 0x00000068
IF: 0x00036FC2
ID: SLL
EX: NOP
DM: BEQ
WB: NOP


cycle 444
PC: 0x0000006C
IF: 0x004D1025
ID: SRL
EX: SLL
DM: NOP
WB: BEQ


cycle 445
PC: 0x00000070
IF: 0x00031840
ID: OR
EX: SRL
DM: SLL
WB: NOP


cycle 446
PC: 0x00000074
IF: 0x34630001
ID: SLL
EX: OR fwd_EX-DM_rt_$13
DM: SRL
WB: SLL


cycle 447
$02: 0x0000006E
PC: 0x00000078
IF: 0x214AFFFF
ID: ORI
EX: SLL
DM: OR
WB: SRL


cycle 448
PC: 0x0000007C
IF: 0x0800000E
ID: ADDI
EX: ORI fwd_EX-DM_rs_$3 fwd_EX-DM_rt_$3
DM: SLL
WB: OR


cycle 449
$02: 0x00000037
PC: 0x00000080
IF: 0x00021043 to_be_flushed
ID: J
EX: ADDI
DM: ORI
WB: SLL


cycle 450
$03: 0x97FFFFFE
PC: 0x00000038
IF: 0x000A582A
ID: NOP
EX: J
DM: ADDI
WB: ORI


cycle 451
$03: 0x97FFFFFF
PC: 0x0000003C
IF: 0x100B0010
ID: SLT
EX: NOP
DM: J
WB: ADDI


cycle 452
$10: 0x00000005
PC: 0x00000040
IF: 0x00451022 to_be_stalled
ID: BEQ to_be_stalled
EX: SLT
DM: NOP
WB: J


cycle 453
PC: 0x00000040
IF: 0x00451022
ID: BEQ fwd_EX-DM_rt_$11
EX: NOP
DM: SLT
WB: NOP


cycle 454
PC: 0x00000044
IF: 0x0040602A
ID: SUB
EX: BEQ
DM: NOP
WB: SLT


cycle 455
PC: 0x00000048
IF: 0x100C0006
ID: SLT
EX: SUB
DM: BEQ
WB: NOP


cycle 456
PC: 0x0000004C
IF: 0x00451020 to_be_stalled
ID: BEQ to_be_stalled
EX: SLT fwd_EX-DM_rs_$2
DM: SUB
WB: BEQ


cycle 457
PC: 0x0000004C
IF: 0x00451020 to_be_flushed
ID: BEQ fwd_EX-DM_rt_$12
EX: NOP
DM: SLT
WB: SUB


cycle 458
$02: 0x00000039
PC: 0x00000064
IF: 0x00021040
ID: NOP
EX: BEQ
DM: NOP
WB: SLT


cycle 459
PC: 0x00000068
IF: 0x00036FC2
ID: SLL
EX: NOP
DM: BEQ
WB: NOP


cycle 460
PC: 0x0000006C
IF: 0x004D1025
ID: SRL
EX: SLL
DM: NOP
WB: BEQ


cycle 461
PC: 0x00000070
IF: 0x00031840
ID: OR
EX: SRL
DM: SLL
WB: NOP


cycle 462
PC: 0x00000074
IF: 0x34630001
ID: SLL
EX: OR fwd_EX-DM_rt_$13
DM: SRL
WB: SLL


cycle 463
$02: 0x00000072
PC: 0x00000078
IF: 0x214AFFFF
ID: ORI
EX: SLL
DM: OR
WB: SRL


cycle 464
PC: 0x0000007C
IF: 0x0800000E
ID: ADDI
EX: ORI fwd_EX-DM_rs_$3 fwd_EX-DM_rt_$3
DM: SLL
WB: OR


cycle 465
$02: 0x00000039
PC: 0x00000080
IF: 0x00021043 to_be_flushed
ID: J
EX: ADDI
DM: ORI
WB: SLL


cycle 466
$03: 0x2FFFFFFE
PC: 0x00000038
IF: 0x000A582A
ID: NOP
EX: J
DM: ADDI
WB: ORI


cycle 467
$03: 0x2FFFFFFF
PC: 0x0000003C
IF: 0x100B0010
ID: SLT
EX: NOP
DM: J
WB: ADDI


cycle 468
$10: 0x00000004
PC: 0x00000040
IF: 0x00451022 to_be_stalled
ID: BEQ to_be_stalled
EX: SLT
DM: NOP
WB: J


cycle 469
PC: 0x00000040
IF: 0x00451022
ID: BEQ fwd_EX-DM_rt_$11
EX: NOP
DM: SLT
WB: NOP


cycle 470
PC: 0x00000044
IF: 0x0040602A
ID: SUB
EX: BEQ
DM: NOP
WB: SLT


cycle 471
PC: 0x00000048
IF: 0x100C0006
ID: SLT
EX: SUB
DM: BEQ
WB: NOP


cycle 472
PC: 0x0000004C
IF: 0x00451020 to_be_stalled
ID: BEQ to_be_stalled
EX: SLT fwd_EX-DM_rs_$2
DM: SUB
WB: BEQ


cycle 473
PC: 0x0000004C
IF: 0x00451020 to_be_flushed
ID: BEQ fwd_EX-DM_rt_$12
EX: NOP
DM: SLT
WB: SUB


cycle 474
$02: 0x0000003B
PC: 0x00000064
IF: 0x00021040
ID: NOP
EX: BEQ
DM: NOP
WB: SLT


cycle 475
PC: 0x00000068
IF: 0x00036FC2
ID: SLL
EX: NOP
DM: BEQ
WB: NOP


cycle 476
PC: 0x0000006C
IF: 0x004D1025
ID: SRL
EX: SLL
DM: NOP
WB: BEQ


cycle 477
PC: 0x00000070
IF: 0x00031840
ID: OR
EX: SRL
DM: SLL
WB: NOP


cycle 478
PC: 0x00000074
IF: 0x34630001
ID: SLL
EX: OR fwd_EX-DM_rt_$13
DM: SRL
WB: SLL


cycle 479
$02: 0x00000076
PC: 0x00000078
IF: 0x214AFFFF
ID: ORI
EX: SLL
DM: OR
WB: SRL


cycle 480
$13: 0x00000000
PC: 0x0000007C
IF: 0x0800000E
ID: ADDI
EX: ORI fwd_EX-DM_rs_$3 fwd_EX-DM_rt_$3
DM: SLL
WB: OR


cycle 481
$02: 0x0000003B
PC: 0x00000080
IF: 0x00021043 to_be_flushed
ID: J
EX: ADDI
DM: ORI
WB: SLL


cycle 482
$03: 0x5FFFFFFE
PC: 0x00000038
IF: 0x000A582A
ID: NOP
EX: J
DM: ADDI
WB: ORI


cycle 483
$03: 0x5FFFFFFF
PC: 0x0000003C
IF: 0x100B0010
ID: SLT
EX: NOP
DM: J
WB: ADDI


cycle 484
$10: 0x00000003
PC: 0x00000040
IF: 0x00451022 to_be_stalled
ID: BEQ to_be_stalled
EX: SLT
DM: NOP
WB: J


cycle 485
PC: 0x00000040
IF: 0x00451022
ID: BEQ fwd_EX-DM_rt_$11
EX: NOP
DM: SLT
WB: NOP


cycle 486
PC: 0x00000044
IF: 0x0040602A
ID: SUB
EX: BEQ
DM: NOP
WB: SLT


cycle 487
PC: 0x00000048
IF: 0x100C0006
ID: SLT
EX: SUB
DM: BEQ
WB: NOP


cycle 488
PC: 0x0000004C
IF: 0x00451020 to_be_stalled
ID: BEQ to_be_stalled
EX: SLT fwd_EX-DM_rs_$2
DM: SUB
WB: BEQ


cycle 489
PC: 0x0000004C
IF: 0x00451020 to_be_flushed
ID: BEQ fwd_EX-DM_rt_$12
EX: NOP
DM: SLT
WB: SUB


cycle 490
$02: 0x0000003D
PC: 0x00000064
IF: 0x00021040
ID: NOP
EX: BEQ
DM: NOP
WB: SLT


cycle 491
PC: 0x00000068
IF: 0x00036FC2
ID: SLL
EX: NOP
DM: BEQ
WB: NOP


cycle 492
PC: 0x0000006C
IF: 0x004D1025
ID: SRL
EX: SLL
DM: NOP
WB: BEQ


cycle 493
PC: 0x00000070
IF: 0x00031840
ID: OR
EX: SRL
DM: SLL
WB: NOP


cycle 494
PC: 0x00000074
IF: 0x34630001
ID: SLL
EX: OR fwd_EX-DM_rt_$13
DM: SRL
WB: SLL


cycle 495
$02: 0x0000007A
PC: 0x00000078
IF: 0x214AFFFF
ID: ORI
EX: SLL
DM: OR
WB: SRL


cycle 496
PC: 0x0000007C
IF: 0x0800000E
ID: ADDI
EX: ORI fwd_EX-DM_rs_$3 fwd_EX-DM_rt_$3
DM: SLL
WB: OR


cycle 497
$02: 0x0000003D
PC: 0x00000080
IF: 0x00021043 to_be_flushed
ID: J
EX: ADDI
DM: ORI
WB: SLL


cycle 498
$03: 0xBFFFFFFE
PC: 0x00000038
IF: 0x000A582A
ID: NOP
EX: J
DM: ADDI
WB: ORI


cycle 499
$03: 0xBFFFFFFF
PC: 0x0000003C
IF: 0x100B0010
ID: SLT
EX: NOP
DM: J
WB: ADDI


cycle 500
$10: 0x00000002
PC: 0x00000040
IF: 0x00451022 to_be_stalled
ID: BEQ to_be_stalled
EX: SLT
DM: NOP
WB: J


cycle 501
PC: 0x00000040
IF: 0x00451022
ID: BEQ fwd_EX-DM_rt_$11
EX: NOP
DM: SLT
WB: NOP


cycle 502
PC: 0x00000044
IF: 0x0040602A
ID: SUB
EX: BEQ
DM: NOP
WB: SLT


cycle 503
PC: 0x00000048
IF: 0x100C0006
ID: SLT
EX: SUB
DM: BEQ
WB: NOP


cycle 504
PC: 0x0000004C
IF: 0x00451020 to_be_stalled
ID: BEQ to_be_stalled
EX: SLT fwd_EX-DM_rs_$2
DM: SUB
WB: BEQ


cycle 505
PC: 0x0000004C
IF: 0x00451020 to_be_flushed
ID: BEQ fwd_EX-DM_rt_$12
EX: NOP
DM: SLT
WB: SUB


cycle 506
$02: 0x0000003F
PC: 0x00000064
IF: 0x00021040
ID: NOP
EX: BEQ
DM: NOP
WB: SLT


cycle 507
PC: 0x00000068
IF: 0x00036FC2
ID: SLL
EX: NOP
DM: BEQ
WB: NOP


cycle 508
PC: 0x0000006C
IF: 0x004D1025
ID: SRL
EX: SLL
DM: NOP
WB: BEQ


cycle 509
PC: 0x00000070
IF: 0x00031840
ID: OR
EX: SRL
DM: SLL
WB: NOP


cycle 510
PC: 0x00000074
IF: 0x34630001
ID: SLL
EX: OR fwd_EX-DM_rt_$13
DM: SRL
WB: SLL


cycle 511
$02: 0x0000007E
PC: 0x00000078
IF: 0x214AFFFF
ID: ORI
EX: SLL
DM: OR
WB: SRL


cycle 512
$13: 0x00000001
PC: 0x0000007C
IF: 0x0800000E
ID: ADDI
EX: ORI fwd_EX-DM_rs_$3 fwd_EX-DM_rt_$3
DM: SLL
WB: OR


cycle 513
$02: 0x0000003F
PC: 0x00000080
IF: 0x00021043 to_be_flushed
ID: J
EX: ADDI
DM: ORI
WB: SLL


cycle 514
$03: 0x7FFFFFFE
PC: 0x00000038
IF: 0x000A582A
ID: NOP
EX: J
DM: ADDI
WB: ORI


cycle 515
$03: 0x7FFFFFFF
PC: 0x0000003C
IF: 0x100B0010
ID: SLT
EX: NOP
DM: J
WB: ADDI


cycle 516
$10: 0x00000001
PC: 0x00000040
IF: 0x00451022 to_be_stalled
ID: BEQ to_be_stalled
EX: SLT
DM: NOP
WB: J


cycle 517
PC: 0x00000040
IF: 0x00451022
ID: BEQ fwd_EX-DM_rt_$11
EX: NOP
DM: SLT
WB: NOP


cycle 518
PC: 0x00000044
IF: 0x0040602A
ID: SUB
EX: BEQ
DM: NOP
WB: SLT


cycle 519
PC: 0x00000048
IF: 0x100C0006
ID: SLT
EX: SUB
DM: BEQ
WB: NOP


cycle 520
PC: 0x0000004C
IF: 0x00451020 to_be_stalled
ID: BEQ to_be_stalled
EX: SLT fwd_EX-DM_rs_$2
DM: SUB
WB: BEQ


cycle 521
PC: 0x0000004C
IF: 0x00451020 to_be_flushed
ID: BEQ fwd_EX-DM_rt_$12
EX: NOP
DM: SLT
WB: SUB


cycle 522
$02: 0x00000041
PC: 0x00000064
IF: 0x00021040
ID: NOP
EX: BEQ
DM: NOP
WB: SLT


cycle 523
PC: 0x00000068
IF: 0x00036FC2
ID: SLL
EX: NOP
DM: BEQ
WB: NOP


cycle 524
PC: 0x0000006C
IF: 0x004D1025
ID: SRL
EX: SLL
DM: NOP
WB: BEQ


cycle 525
PC: 0x00000070
IF: 0x00031840
ID: OR
EX: SRL
DM: SLL
WB: NOP


cycle 526
PC: 0x00000074
IF: 0x34630001
ID: SLL
EX: OR fwd_EX-DM_rt_$13
DM: SRL
WB: SLL


cycle 527
$02: 0x00000082
PC: 0x00000078
IF: 0x214AFFFF
ID: ORI
EX: SLL
DM: OR
WB: SRL


cycle 528
$13: 0x00000000
PC: 0x0000007C
IF: 0x0800000E
ID: ADDI
EX: ORI fwd_EX-DM_rs_$3 fwd_EX-DM_rt_$3
DM: SLL
WB: OR


cycle 529
$02: 0x00000041
PC: 0x00000080
IF: 0x00021043 to_be_flushed
ID: J
EX: ADDI
DM: ORI
WB: SLL


cycle 530
$03: 0xFFFFFFFE
PC: 0x00000038
IF: 0x000A582A
ID: NOP
EX: J
DM: ADDI
WB: ORI


cycle 531
$03: 0xFFFFFFFF
PC: 0x0000003C
IF: 0x100B0010
ID: SLT
EX: NOP
DM: J
WB: ADDI


cycle 532
$10: 0x00000000
PC: 0x00000040
IF: 0x00451022 to_be_stalled
ID: BEQ to_be_stalled
EX: SLT
DM: NOP
WB: J


cycle 533
PC: 0x00000040
IF: 0x00451022 to_be_flushed
ID: BEQ fwd_EX-DM_rt_$11
EX: NOP
DM: SLT
WB: NOP


cycle 534
PC: 0x00000080
IF: 0x00021043
ID: NOP
EX: BEQ
DM: NOP
WB: SLT


cycle 535
$11: 0x00000000
PC: 0x00000084
IF: 0x10080001
ID: SRA
EX: NOP
DM: BEQ
WB: NOP


cycle 536
PC: 0x00000088
IF: 0x00021022 to_be_stalled
ID: BEQ to_be_stalled
EX: SRL
DM: NOP
WB: BEQ


cycle 537
PC: 0x00000088
IF: 0x00021022
ID: BEQ
EX: NOP
DM: SRA
WB: NOP


cycle 538
PC: 0x0000008C
IF: 0x11090004
ID: SUB
EX: BEQ
DM: NOP
WB: SRA


cycle 539
$02: 0x00000020
PC: 0x00000090
IF: 0x00031822 to_be_stalled
ID: BEQ to_be_stalled
EX: SUB
DM: BEQ
WB: NOP


cycle 540
PC: 0x00000090
IF: 0x00031822
ID: BEQ
EX: NOP
DM: SUB
WB: BEQ


cycle 541
PC: 0x00000094
IF: 0x08000028
ID: SUB
EX: BEQ
DM: NOP
WB: SUB


cycle 542
PC: 0x00000098
IF: 0x00001020 to_be_flushed
ID: J
EX: SUB
DM: BEQ
WB: NOP


cycle 543
PC: 0x000000A0
IF: 0xAC020004
ID: NOP
EX: J
DM: SUB
WB: BEQ


cycle 544
PC: 0x000000A4
IF: 0xAC030008
ID: SW
EX: NOP
DM: J
WB: SUB


cycle 545
PC: 0x000000A8
IF: 0x8C0E0004
ID: SW
EX: SW
DM: NOP
WB: J


cycle 546
PC: 0x000000AC
IF: 0x8C0F0008
ID: LW
EX: SW
DM: SW
WB: NOP


cycle 547
PC: 0x000000B0
IF: 0xFFFFFFFF
ID: LW
EX: LW
DM: SW
WB: SW


cycle 548
PC: 0x000000B4
IF: 0xFFFFFFFF
ID: HALT
EX: LW
DM: LW
WB: SW


cycle 549
PC: 0x000000B8
IF: 0xFFFFFFFF
ID: HALT
EX: HALT
DM: LW
WB: LW


cycle 550
$14: 0x00000020
PC: 0x000000BC
IF: 0xFFFFFFFF
ID: HALT
EX: HALT
DM: HALT
WB: LW


cycle 551
$15: 0xFFFFFFFF
PC: 0x000000C0
IF: 0xFFFFFFFF
ID: HALT
EX: HALT
DM: HALT
WB: HALT


